

HI-TECH Software PIC LITE Macro Assembler V9.71a build 6446 
                                                                                               Sat Apr 29 09:48:03 2023

HI-TECH Software Omniscient Code Generator (Lite mode) build 6446
     1  0000                     opt subtitle "HI-TECH Software Omniscient Code Generator (Lite mode) build 6446"
     2                           
     3                           opt pagewidth 120
     4                           
     5                           	opt lm
     6                           
     7                           	processor	16F877A
     8                           clrc	macro
     9                           	bcf	3,0
    10  0000                     	endm
    11                           clrz	macro
    12                           	bcf	3,2
    13  0000                     	endm
    14                           setc	macro
    15                           	bsf	3,0
    16  0000                     	endm
    17                           setz	macro
    18                           	bsf	3,2
    19  0000                     	endm
    20                           skipc	macro
    21                           	btfss	3,0
    22  0000                     	endm
    23                           skipz	macro
    24                           	btfss	3,2
    25  0000                     	endm
    26                           skipnc	macro
    27                           	btfsc	3,0
    28  0000                     	endm
    29                           skipnz	macro
    30                           	btfsc	3,2
    31  0000                     	endm
    32  0000                     indf	equ	0
    33  0000                     indf0	equ	0
    34  0002                     pc	equ	2
    35  0002                     pcl	equ	2
    36  0003                     status	equ	3
    37  0004                     fsr	equ	4
    38  0004                     fsr0	equ	4
    39  0001                     c	equ	1
    40  0000                     z	equ	0
    41  000A                     pclath	equ	10
    42                           # 2 "C:\Users\dines\Desktop\METROBOAT\METROAT-PIC\METROAT.c"
    43                           	psect config,class=CONFIG,delta=2 ;#
    44                           # 2 "C:\Users\dines\Desktop\METROBOAT\METROAT-PIC\METROAT.c"
    45  2007  3F72               	dw 0x3F72 ;#
    46                           	FNCALL	_main,_initial
    47                           	FNCALL	_main,_command
    48                           	FNCALL	_main,_data
    49                           	FNCALL	_initial,_command
    50                           	FNROOT	_main
    51                           	global	main@F519
    52                           	global	main@F522
    53                           psect	idataBANK0,class=CODE,space=0,delta=2
    54                           global __pidataBANK0
    55  0732                     __pidataBANK0:
    56                           	file	"C:\Users\dines\Desktop\METROBOAT\METROAT-PIC\METROAT.c"
    57                           	line	39
    58                           
    59                           ;initializer for main@F519
    60  0732  3420               	retlw	020h
    61  0733  3420               	retlw	020h
    62  0734  3420               	retlw	020h
    63  0735  3420               	retlw	020h
    64  0736  344D               	retlw	04Dh
    65  0737  3445               	retlw	045h
    66  0738  3454               	retlw	054h
    67  0739  3452               	retlw	052h
    68  073A  344F               	retlw	04Fh
    69  073B  3441               	retlw	041h
    70  073C  3454               	retlw	054h
    71  073D  3420               	retlw	020h
    72  073E  3420               	retlw	020h
    73  073F  3420               	retlw	020h
    74  0740  3420               	retlw	020h
    75  0741  3420               	retlw	020h
    76  0742  3400               	retlw	0
    77                           	line	45
    78                           
    79                           ;initializer for main@F522
    80  0743  3420               	retlw	020h
    81  0744  3420               	retlw	020h
    82  0745  3449               	retlw	049h
    83  0746  3454               	retlw	054h
    84  0747  3427               	retlw	027h
    85  0748  3453               	retlw	053h
    86  0749  3420               	retlw	020h
    87  074A  3452               	retlw	052h
    88  074B  344F               	retlw	04Fh
    89  074C  3442               	retlw	042h
    90  074D  3455               	retlw	055h
    91  074E  3453               	retlw	053h
    92  074F  3454               	retlw	054h
    93  0750  3420               	retlw	020h
    94  0751  3420               	retlw	020h
    95  0752  3400               	retlw	0
    96                           	global	_PORTD
    97  0008                     _PORTD	set	8
    98                           	global	_RC0
    99  0038                     _RC0	set	56
   100                           	global	_RC1
   101  0039                     _RC1	set	57
   102                           	global	_RC2
   103  003A                     _RC2	set	58
   104                           	global	_TRISC
   105  0087                     _TRISC	set	135
   106                           	global	_TRISD
   107  0088                     _TRISD	set	136
   108                           	file	"METROAT.as"
   109                           	line	#
   110                           psect cinit,class=CODE,delta=2
   111                           global start_initialization
   112  06E1                     start_initialization:
   113                           
   114                           psect	dataBANK0,class=BANK0,space=1
   115                           global __pdataBANK0
   116  0045                     __pdataBANK0:
   117                           	file	"C:\Users\dines\Desktop\METROBOAT\METROAT-PIC\METROAT.c"
   118                           	line	39
   119  0045                     main@F519:
   120  0045                            ds      17
   121                           
   122                           psect	dataBANK0
   123                           	file	"C:\Users\dines\Desktop\METROBOAT\METROAT-PIC\METROAT.c"
   124                           	line	45
   125  0056                     main@F522:
   126  0056                            ds      16
   127                           
   128                           global btemp
   129                           psect inittext,class=CODE,delta=2
   130                           global init_fetch,btemp
   131                           ;	Called with low address in FSR and high address in W
   132  06D0                     init_fetch:
   133  06D0  087E               	movf btemp,w
   134  06D1  008A               	movwf pclath
   135  06D2  087F               	movf btemp+1,w
   136  06D3  0082               	movwf pc
   137                           global init_ram
   138                           ;Called with:
   139                           ;	high address of idata address in btemp 
   140                           ;	low address of idata address in btemp+1 
   141                           ;	low address of data in FSR
   142                           ;	high address + 1 of data in btemp-1
   143  06D4                     init_ram:
   144  06D4  26D0  120A  118A   	fcall init_fetch
   145  06D7  0080               	movwf indf,f
   146  06D8  0A84               	incf fsr,f
   147  06D9  0804               	movf fsr,w
   148  06DA  067D               	xorwf btemp-1,w
   149  06DB  1903               	btfsc status,2
   150  06DC  3400               	retlw 0
   151  06DD  0AFF               	incf btemp+1,f
   152  06DE  1903               	btfsc status,2
   153  06DF  0AFE               	incf btemp,f
   154  06E0  2ED4               	goto init_ram
   155                           ; Initialize objects allocated to BANK0
   156                           psect cinit,class=CODE,delta=2
   157                           global init_ram, __pidataBANK0
   158  06E1  1383               	bcf	status, 7	;select IRP bank0
   159  06E2  3066               	movlw low(__pdataBANK0+33)
   160  06E3  00FD               	movwf btemp-1,f
   161  06E4  3007               	movlw high(__pidataBANK0)
   162  06E5  00FE               	movwf btemp,f
   163  06E6  3032               	movlw low(__pidataBANK0)
   164  06E7  00FF               	movwf btemp+1,f
   165  06E8  3045               	movlw low(__pdataBANK0)
   166  06E9  0084               	movwf fsr,f
   167  06EA  120A  118A  26D4   	fcall init_ram
              120A  118A         
   168                           psect cinit,class=CODE,delta=2
   169                           global end_of_initialization
   170                           
   171                           ;End of C runtime variable initialization code
   172                           
   173  06EF                     end_of_initialization:
   174  06EF  0183               clrf status
   175  06F0  120A  118A  2F53   ljmp _main	;jump to C main() function
   176                           psect	cstackCOMMON,class=COMMON,space=1
   177                           global __pcstackCOMMON
   178  0070                     __pcstackCOMMON:
   179                           	global	?_command
   180  0070                     ?_command:	; 0 bytes @ 0x0
   181                           	global	??_command
   182  0070                     ??_command:	; 0 bytes @ 0x0
   183                           	global	?_data
   184  0070                     ?_data:	; 0 bytes @ 0x0
   185                           	global	??_data
   186  0070                     ??_data:	; 0 bytes @ 0x0
   187                           	global	?_initial
   188  0070                     ?_initial:	; 0 bytes @ 0x0
   189                           	global	?_main
   190  0070                     ?_main:	; 0 bytes @ 0x0
   191  0070                     	ds	1
   192                           	global	command@y
   193  0071                     command@y:	; 1 bytes @ 0x1
   194                           	global	data@z
   195  0071                     data@z:	; 1 bytes @ 0x1
   196  0071                     	ds	1
   197                           	global	??_initial
   198  0072                     ??_initial:	; 0 bytes @ 0x2
   199                           	global	??_main
   200  0072                     ??_main:	; 0 bytes @ 0x2
   201  0072                     	ds	4
   202                           psect	cstackBANK0,class=BANK0,space=1
   203                           global __pcstackBANK0
   204  0020                     __pcstackBANK0:
   205                           	global	main@a
   206  0020                     main@a:	; 17 bytes @ 0x0
   207  0020                     	ds	17
   208                           	global	main@b
   209  0031                     main@b:	; 16 bytes @ 0x11
   210  0031                     	ds	16
   211                           	global	main@i
   212  0041                     main@i:	; 2 bytes @ 0x21
   213  0041                     	ds	2
   214                           	global	main@j
   215  0043                     main@j:	; 2 bytes @ 0x23
   216  0043                     	ds	2
   217 ;;Data sizes: Strings 0, constant 0, data 33, bss 0, persistent 0 stack 0
   218 ;;Auto spaces:   Size  Autos    Used
   219 ;; COMMON          14      6       6
   220 ;; BANK0           80     37      70
   221 ;; BANK1           80      0       0
   222 ;; BANK3           96      0       0
   223 ;; BANK2           96      0       0
   224                           
   225 ;;
   226 ;; Pointer list with targets:
   227                           
   228                           
   229                           
   230 ;;
   231 ;; Critical Paths under _main in COMMON
   232 ;;
   233 ;;   _main->_command
   234 ;;   _main->_data
   235 ;;   _initial->_command
   236 ;;
   237 ;; Critical Paths under _main in BANK0
   238 ;;
   239 ;;   None.
   240 ;;
   241 ;; Critical Paths under _main in BANK1
   242 ;;
   243 ;;   None.
   244 ;;
   245 ;; Critical Paths under _main in BANK3
   246 ;;
   247 ;;   None.
   248 ;;
   249 ;; Critical Paths under _main in BANK2
   250 ;;
   251 ;;   None.
   252                           
   253 ;;
   254 ;;Main: autosize = 0, tempsize = 4, incstack = 0, save=0
   255 ;;
   256                           
   257 ;;
   258 ;;Call Graph Tables:
   259 ;;
   260 ;; ---------------------------------------------------------------------------------
   261 ;; (Depth) Function   	        Calls       Base Space   Used Autos Params    Refs
   262 ;; ---------------------------------------------------------------------------------
   263 ;; (0) _main                                                41    41      0     250
   264 ;;                                              2 COMMON     4     4      0
   265 ;;                                              0 BANK0     37    37      0
   266 ;;                            _initial
   267 ;;                            _command
   268 ;;                               _data
   269 ;; ---------------------------------------------------------------------------------
   270 ;; (1) _initial                                              0     0      0      22
   271 ;;                            _command
   272 ;; ---------------------------------------------------------------------------------
   273 ;; (1) _data                                                 2     2      0      22
   274 ;;                                              0 COMMON     2     2      0
   275 ;; ---------------------------------------------------------------------------------
   276 ;; (1) _command                                              2     2      0      22
   277 ;;                                              0 COMMON     2     2      0
   278 ;; ---------------------------------------------------------------------------------
   279 ;; Estimated maximum stack depth 1
   280 ;; ---------------------------------------------------------------------------------
   281                           
   282 ;; Call Graph Graphs:
   283                           
   284 ;; _main (ROOT)
   285 ;;   _initial
   286 ;;     _command
   287 ;;   _command
   288 ;;   _data
   289 ;;
   290                           
   291 ;; Address spaces:
   292                           
   293 ;;Name               Size   Autos  Total    Cost      Usage
   294 ;;BANK3               60      0       0       9        0.0%
   295 ;;BITBANK3            60      0       0       8        0.0%
   296 ;;SFR3                 0      0       0       4        0.0%
   297 ;;BITSFR3              0      0       0       4        0.0%
   298 ;;BANK2               60      0       0      11        0.0%
   299 ;;BITBANK2            60      0       0      10        0.0%
   300 ;;SFR2                 0      0       0       5        0.0%
   301 ;;BITSFR2              0      0       0       5        0.0%
   302 ;;SFR1                 0      0       0       2        0.0%
   303 ;;BITSFR1              0      0       0       2        0.0%
   304 ;;BANK1               50      0       0       7        0.0%
   305 ;;BITBANK1            50      0       0       6        0.0%
   306 ;;CODE                 0      0       0       0        0.0%
   307 ;;DATA                 0      0      4E      12        0.0%
   308 ;;ABS                  0      0      4C       3        0.0%
   309 ;;NULL                 0      0       0       0        0.0%
   310 ;;STACK                0      0       2       2        0.0%
   311 ;;BANK0               50     25      46       5       87.5%
   312 ;;BITBANK0            50      0       0       4        0.0%
   313 ;;SFR0                 0      0       0       1        0.0%
   314 ;;BITSFR0              0      0       0       1        0.0%
   315 ;;COMMON               E      6       6       1       42.9%
   316 ;;BITCOMMON            E      0       0       0        0.0%
   317 ;;EEDATA             100      0       0       0        0.0%
   318                           
   319                           	global	_main
   320                           psect	maintext,global,class=CODE,delta=2
   321                           global __pmaintext
   322  0753                     __pmaintext:
   323                           
   324 ;; *************** function _main *****************
   325 ;; Defined at:
   326 ;;		line 33 in file "C:\Users\dines\Desktop\METROBOAT\METROAT-PIC\METROAT.c"
   327 ;; Parameters:    Size  Location     Type
   328 ;;		None
   329 ;; Auto vars:     Size  Location     Type
   330 ;;  j               2   35[BANK0 ] int 
   331 ;;  i               2   33[BANK0 ] int 
   332 ;;  a              17    0[BANK0 ] unsigned char [17]
   333 ;;  b              16   17[BANK0 ] unsigned char [16]
   334 ;; Return value:  Size  Location     Type
   335 ;;		None               void
   336 ;; Registers used:
   337 ;;		wreg, fsr0l, fsr0h, status,2, status,0, btemp+0, pclath, cstack
   338 ;; Tracked objects:
   339 ;;		On entry : 17F/0
   340 ;;		On exit  : 0/0
   341 ;;		Unchanged: 0/0
   342 ;; Data sizes:     COMMON   BANK0   BANK1   BANK3   BANK2
   343 ;;      Params:         0       0       0       0       0
   344 ;;      Locals:         0      37       0       0       0
   345 ;;      Temps:          4       0       0       0       0
   346 ;;      Totals:         4      37       0       0       0
   347 ;;Total ram usage:       41 bytes
   348 ;; Hardware stack levels required when called:    2
   349 ;; This function calls:
   350 ;;		_initial
   351 ;;		_command
   352 ;;		_data
   353 ;; This function is called by:
   354 ;;		Startup code after reset
   355 ;; This function uses a non-reentrant model
   356 ;;
   357                           psect	maintext
   358                           	file	"C:\Users\dines\Desktop\METROBOAT\METROAT-PIC\METROAT.c"
   359                           	line	33
   360                           	global	__size_of_main
   361  00AD                     	__size_of_main	equ	__end_of_main-_main
   362                           	
   363  0753                     _main:	
   364                           	opt	stack 8
   365                           ; Regs used in _main: [wreg-fsr0h+status,2-btemp+0+pclath+cstack]
   366                           	line	34
   367                           	
   368  0753                     l1816:	
   369                           ;METROAT.c: 34: TRISC=0x00;
   370  0753  1683               	bsf	status, 5	;RP0=1, select bank1
   371  0754  1303               	bcf	status, 6	;RP1=0, select bank1
   372  0755  0187               	clrf	(135)^080h	;volatile
   373                           	line	35
   374                           ;METROAT.c: 35: TRISD=0x00;
   375  0756  0188               	clrf	(136)^080h	;volatile
   376                           	line	36
   377                           	
   378  0757                     l1818:	
   379                           ;METROAT.c: 36: initial();
   380  0757  120A  118A  2719   	fcall	_initial
              120A  118A         
   381                           	line	37
   382                           ;METROAT.c: 37: while(1)
   383                           	
   384  075C                     l570:	
   385                           	line	39
   386                           	
   387  075C                     l1820:	
   388                           ;METROAT.c: 38: {
   389                           ;METROAT.c: 39: char a[]={"    METROAT     "};
   390  075C  3020               	movlw	(main@a)&0ffh
   391  075D  0084               	movwf	fsr0
   392  075E  3045               	movlw	low(main@F519)
   393  075F  00F2               	movwf	(??_main+0)+0
   394  0760  0804               	movf	fsr0,w
   395  0761  00F3               	movwf	((??_main+0)+0+1)
   396  0762  3011               	movlw	17
   397  0763  00F4               	movwf	((??_main+0)+0+2)
   398  0764                     u2200:
   399  0764  0872               	movf	(??_main+0)+0,w
   400  0765  0084               	movwf	fsr0
   401  0766  1383               	bcf	status, 7	;select IRP bank0
   402                           	
   403  0767  0800               	movf	indf,w
   404  0768  00F5               	movwf	((??_main+0)+0+3)
   405  0769  0AF2               	incf	(??_main+0)+0,f
   406  076A  0873               	movf	((??_main+0)+0+1),w
   407  076B  0084               	movwf	fsr0
   408                           	
   409  076C  0875               	movf	((??_main+0)+0+3),w
   410  076D  0080               	movwf	indf
   411  076E  0AF3               	incf	((??_main+0)+0+1),f
   412  076F  0BF4               	decfsz	((??_main+0)+0+2),f
   413  0770  2F64               	goto	u2200
   414                           	line	40
   415                           	
   416  0771                     l1822:	
   417                           ;METROAT.c: 40: command(0x80);
   418  0771  3080               	movlw	(080h)
   419  0772  120A  118A  26F3   	fcall	_command
              120A  118A         
   420                           	line	41
   421                           	
   422  0777                     l1824:	
   423                           ;METROAT.c: 41: for(int i=0;i<=15;i++)
   424  0777  3000               	movlw	low(0)
   425  0778  1283               	bcf	status, 5	;RP0=0, select bank0
   426  0779  1303               	bcf	status, 6	;RP1=0, select bank0
   427  077A  00C1               	movwf	(main@i)
   428  077B  3000               	movlw	high(0)
   429  077C  00C2               	movwf	((main@i))+1
   430                           	
   431  077D                     l1826:	
   432  077D  0842               	movf	(main@i+1),w
   433  077E  3A80               	xorlw	80h
   434  077F  00FE               	movwf	btemp+0
   435  0780  3080               	movlw	(high(010h))^80h
   436  0781  027E               	subwf	btemp+0,w
   437  0782  1D03               	skipz
   438  0783  2F86               	goto	u2215
   439  0784  3010               	movlw	low(010h)
   440  0785  0241               	subwf	(main@i),w
   441  0786                     u2215:
   442                           
   443  0786  1C03               	skipc
   444  0787  2F89               	goto	u2211
   445  0788  2F8A               	goto	u2210
   446  0789                     u2211:
   447  0789  2F8B               	goto	l573
   448  078A                     u2210:
   449                           	
   450  078A                     l1828:	
   451  078A  2FAC               	goto	l574
   452                           	line	42
   453                           	
   454  078B                     l573:	
   455                           	line	43
   456                           	
   457  078B                     l1830:	
   458                           ;METROAT.c: 42: {
   459                           ;METROAT.c: 43: data(a[i]);
   460  078B  1283               	bcf	status, 5	;RP0=0, select bank0
   461  078C  1303               	bcf	status, 6	;RP1=0, select bank0
   462  078D  0841               	movf	(main@i),w
   463  078E  3E20               	addlw	main@a&0ffh
   464  078F  0084               	movwf	fsr0
   465  0790  1383               	bcf	status, 7	;select IRP bank0
   466  0791  0800               	movf	indf,w
   467  0792  120A  118A  2706   	fcall	_data
              120A  118A         
   468                           	line	41
   469                           	
   470  0797                     l1832:	
   471  0797  3001               	movlw	low(01h)
   472  0798  1283               	bcf	status, 5	;RP0=0, select bank0
   473  0799  1303               	bcf	status, 6	;RP1=0, select bank0
   474  079A  07C1               	addwf	(main@i),f
   475  079B  1803               	skipnc
   476  079C  0AC2               	incf	(main@i+1),f
   477  079D  3000               	movlw	high(01h)
   478  079E  07C2               	addwf	(main@i+1),f
   479                           	
   480  079F                     l1834:	
   481  079F  0842               	movf	(main@i+1),w
   482  07A0  3A80               	xorlw	80h
   483  07A1  00FE               	movwf	btemp+0
   484  07A2  3080               	movlw	(high(010h))^80h
   485  07A3  027E               	subwf	btemp+0,w
   486  07A4  1D03               	skipz
   487  07A5  2FA8               	goto	u2225
   488  07A6  3010               	movlw	low(010h)
   489  07A7  0241               	subwf	(main@i),w
   490  07A8                     u2225:
   491                           
   492  07A8  1C03               	skipc
   493  07A9  2FAB               	goto	u2221
   494  07AA  2FAC               	goto	u2220
   495  07AB                     u2221:
   496  07AB  2F8B               	goto	l573
   497  07AC                     u2220:
   498                           	
   499  07AC                     l574:	
   500                           	line	45
   501                           	
   502  07AC                     l1836:	
   503                           ;METROAT.c: 44: }
   504                           ;METROAT.c: 45: char b[]={"  IT'S ROBUST  "};
   505  07AC  3031               	movlw	(main@b)&0ffh
   506  07AD  0084               	movwf	fsr0
   507  07AE  3056               	movlw	low(main@F522)
   508  07AF  00F2               	movwf	(??_main+0)+0
   509  07B0  0804               	movf	fsr0,w
   510  07B1  00F3               	movwf	((??_main+0)+0+1)
   511  07B2  3010               	movlw	16
   512  07B3  00F4               	movwf	((??_main+0)+0+2)
   513  07B4                     u2230:
   514  07B4  0872               	movf	(??_main+0)+0,w
   515  07B5  0084               	movwf	fsr0
   516  07B6  1383               	bcf	status, 7	;select IRP bank0
   517                           	
   518  07B7  0800               	movf	indf,w
   519  07B8  00F5               	movwf	((??_main+0)+0+3)
   520  07B9  0AF2               	incf	(??_main+0)+0,f
   521  07BA  0873               	movf	((??_main+0)+0+1),w
   522  07BB  0084               	movwf	fsr0
   523                           	
   524  07BC  0875               	movf	((??_main+0)+0+3),w
   525  07BD  0080               	movwf	indf
   526  07BE  0AF3               	incf	((??_main+0)+0+1),f
   527  07BF  0BF4               	decfsz	((??_main+0)+0+2),f
   528  07C0  2FB4               	goto	u2230
   529                           	line	46
   530                           	
   531  07C1                     l1838:	
   532                           ;METROAT.c: 46: command(0xC0);
   533  07C1  30C0               	movlw	(0C0h)
   534  07C2  120A  118A  26F3   	fcall	_command
              120A  118A         
   535                           	line	47
   536                           	
   537  07C7                     l1840:	
   538                           ;METROAT.c: 47: for(int j=0;j<=14;j++)
   539  07C7  3000               	movlw	low(0)
   540  07C8  1283               	bcf	status, 5	;RP0=0, select bank0
   541  07C9  1303               	bcf	status, 6	;RP1=0, select bank0
   542  07CA  00C3               	movwf	(main@j)
   543  07CB  3000               	movlw	high(0)
   544  07CC  00C4               	movwf	((main@j))+1
   545                           	
   546  07CD                     l1842:	
   547  07CD  0844               	movf	(main@j+1),w
   548  07CE  3A80               	xorlw	80h
   549  07CF  00FE               	movwf	btemp+0
   550  07D0  3080               	movlw	(high(0Fh))^80h
   551  07D1  027E               	subwf	btemp+0,w
   552  07D2  1D03               	skipz
   553  07D3  2FD6               	goto	u2245
   554  07D4  300F               	movlw	low(0Fh)
   555  07D5  0243               	subwf	(main@j),w
   556  07D6                     u2245:
   557                           
   558  07D6  1C03               	skipc
   559  07D7  2FD9               	goto	u2241
   560  07D8  2FDA               	goto	u2240
   561  07D9                     u2241:
   562  07D9  2FDB               	goto	l577
   563  07DA                     u2240:
   564                           	
   565  07DA                     l1844:	
   566  07DA  2FFC               	goto	l578
   567                           	line	48
   568                           	
   569  07DB                     l577:	
   570                           	line	49
   571                           	
   572  07DB                     l1846:	
   573                           ;METROAT.c: 48: {
   574                           ;METROAT.c: 49: data(b[j]);
   575  07DB  1283               	bcf	status, 5	;RP0=0, select bank0
   576  07DC  1303               	bcf	status, 6	;RP1=0, select bank0
   577  07DD  0843               	movf	(main@j),w
   578  07DE  3E31               	addlw	main@b&0ffh
   579  07DF  0084               	movwf	fsr0
   580  07E0  1383               	bcf	status, 7	;select IRP bank0
   581  07E1  0800               	movf	indf,w
   582  07E2  120A  118A  2706   	fcall	_data
              120A  118A         
   583                           	line	47
   584                           	
   585  07E7                     l1848:	
   586  07E7  3001               	movlw	low(01h)
   587  07E8  1283               	bcf	status, 5	;RP0=0, select bank0
   588  07E9  1303               	bcf	status, 6	;RP1=0, select bank0
   589  07EA  07C3               	addwf	(main@j),f
   590  07EB  1803               	skipnc
   591  07EC  0AC4               	incf	(main@j+1),f
   592  07ED  3000               	movlw	high(01h)
   593  07EE  07C4               	addwf	(main@j+1),f
   594                           	
   595  07EF                     l1850:	
   596  07EF  0844               	movf	(main@j+1),w
   597  07F0  3A80               	xorlw	80h
   598  07F1  00FE               	movwf	btemp+0
   599  07F2  3080               	movlw	(high(0Fh))^80h
   600  07F3  027E               	subwf	btemp+0,w
   601  07F4  1D03               	skipz
   602  07F5  2FF8               	goto	u2255
   603  07F6  300F               	movlw	low(0Fh)
   604  07F7  0243               	subwf	(main@j),w
   605  07F8                     u2255:
   606                           
   607  07F8  1C03               	skipc
   608  07F9  2FFB               	goto	u2251
   609  07FA  2FFC               	goto	u2250
   610  07FB                     u2251:
   611  07FB  2FDB               	goto	l577
   612  07FC                     u2250:
   613                           	
   614  07FC                     l578:	
   615                           	line	52
   616                           	
   617  07FC                     l579:	
   618                           	line	37
   619  07FC  2F5C               	goto	l570
   620                           	
   621  07FD                     l580:	
   622                           	line	53
   623                           	
   624  07FD                     l581:	
   625                           	global	start
   626  07FD  120A  118A  2800   	ljmp	start
   627                           	opt stack 0
   628                           GLOBAL	__end_of_main
   629  0800                     	__end_of_main:
   630 ;; =============== function _main ends ============
   631                           
   632                           	signat	_main,88
   633                           	global	_initial
   634                           psect	text121,local,class=CODE,delta=2
   635                           global __ptext121
   636  0719                     __ptext121:
   637                           
   638 ;; *************** function _initial *****************
   639 ;; Defined at:
   640 ;;		line 26 in file "C:\Users\dines\Desktop\METROBOAT\METROAT-PIC\METROAT.c"
   641 ;; Parameters:    Size  Location     Type
   642 ;;		None
   643 ;; Auto vars:     Size  Location     Type
   644 ;;		None
   645 ;; Return value:  Size  Location     Type
   646 ;;		None               void
   647 ;; Registers used:
   648 ;;		wreg, status,2, status,0, pclath, cstack
   649 ;; Tracked objects:
   650 ;;		On entry : 0/0
   651 ;;		On exit  : 0/0
   652 ;;		Unchanged: 0/0
   653 ;; Data sizes:     COMMON   BANK0   BANK1   BANK3   BANK2
   654 ;;      Params:         0       0       0       0       0
   655 ;;      Locals:         0       0       0       0       0
   656 ;;      Temps:          0       0       0       0       0
   657 ;;      Totals:         0       0       0       0       0
   658 ;;Total ram usage:        0 bytes
   659 ;; Hardware stack levels used:    1
   660 ;; Hardware stack levels required when called:    1
   661 ;; This function calls:
   662 ;;		_command
   663 ;; This function is called by:
   664 ;;		_main
   665 ;; This function uses a non-reentrant model
   666 ;;
   667                           psect	text121
   668                           	file	"C:\Users\dines\Desktop\METROBOAT\METROAT-PIC\METROAT.c"
   669                           	line	26
   670                           	global	__size_of_initial
   671  0019                     	__size_of_initial	equ	__end_of_initial-_initial
   672                           	
   673  0719                     _initial:	
   674                           	opt	stack 7
   675                           ; Regs used in _initial: [wreg+status,2+status,0+pclath+cstack]
   676                           	line	27
   677                           	
   678  0719                     l1814:	
   679                           ;METROAT.c: 27: command(0x38);
   680  0719  3038               	movlw	(038h)
   681  071A  120A  118A  26F3   	fcall	_command
              120A  118A         
   682                           	line	28
   683                           ;METROAT.c: 28: command(0x01);
   684  071F  3001               	movlw	(01h)
   685  0720  120A  118A  26F3   	fcall	_command
              120A  118A         
   686                           	line	29
   687                           ;METROAT.c: 29: command(0x06);
   688  0725  3006               	movlw	(06h)
   689  0726  120A  118A  26F3   	fcall	_command
              120A  118A         
   690                           	line	30
   691                           ;METROAT.c: 30: command(0x0C);
   692  072B  300C               	movlw	(0Ch)
   693  072C  120A  118A  26F3   	fcall	_command
              120A  118A         
   694                           	line	31
   695                           	
   696  0731                     l567:	
   697  0731  0008               	return
   698                           	opt stack 0
   699                           GLOBAL	__end_of_initial
   700  0732                     	__end_of_initial:
   701 ;; =============== function _initial ends ============
   702                           
   703                           	signat	_initial,88
   704                           	global	_data
   705                           psect	text122,local,class=CODE,delta=2
   706                           global __ptext122
   707  0706                     __ptext122:
   708                           
   709 ;; *************** function _data *****************
   710 ;; Defined at:
   711 ;;		line 17 in file "C:\Users\dines\Desktop\METROBOAT\METROAT-PIC\METROAT.c"
   712 ;; Parameters:    Size  Location     Type
   713 ;;  z               1    wreg     unsigned char 
   714 ;; Auto vars:     Size  Location     Type
   715 ;;  z               1    1[COMMON] unsigned char 
   716 ;; Return value:  Size  Location     Type
   717 ;;		None               void
   718 ;; Registers used:
   719 ;;		wreg
   720 ;; Tracked objects:
   721 ;;		On entry : 0/0
   722 ;;		On exit  : 0/0
   723 ;;		Unchanged: 0/0
   724 ;; Data sizes:     COMMON   BANK0   BANK1   BANK3   BANK2
   725 ;;      Params:         0       0       0       0       0
   726 ;;      Locals:         1       0       0       0       0
   727 ;;      Temps:          1       0       0       0       0
   728 ;;      Totals:         2       0       0       0       0
   729 ;;Total ram usage:        2 bytes
   730 ;; Hardware stack levels used:    1
   731 ;; This function calls:
   732 ;;		Nothing
   733 ;; This function is called by:
   734 ;;		_main
   735 ;; This function uses a non-reentrant model
   736 ;;
   737                           psect	text122
   738                           	file	"C:\Users\dines\Desktop\METROBOAT\METROAT-PIC\METROAT.c"
   739                           	line	17
   740                           	global	__size_of_data
   741  0013                     	__size_of_data	equ	__end_of_data-_data
   742                           	
   743  0706                     _data:	
   744                           	opt	stack 7
   745                           ; Regs used in _data: [wreg]
   746                           ;data@z stored from wreg
   747  0706  00F1               	movwf	(data@z)
   748                           	line	18
   749                           	
   750  0707                     l1804:	
   751                           ;METROAT.c: 18: PORTD=z;
   752  0707  0871               	movf	(data@z),w
   753  0708  1283               	bcf	status, 5	;RP0=0, select bank0
   754  0709  1303               	bcf	status, 6	;RP1=0, select bank0
   755  070A  0088               	movwf	(8)	;volatile
   756                           	line	19
   757                           	
   758  070B                     l1806:	
   759                           ;METROAT.c: 19: RC0=1;
   760  070B  1407               	bsf	(56/8),(56)&7
   761                           	line	20
   762                           	
   763  070C                     l1808:	
   764                           ;METROAT.c: 20: RC1=0;
   765  070C  1087               	bcf	(57/8),(57)&7
   766                           	line	21
   767                           	
   768  070D                     l1810:	
   769                           ;METROAT.c: 21: RC2=1;
   770  070D  1507               	bsf	(58/8),(58)&7
   771                           	line	22
   772                           ;METROAT.c: 22: _delay((unsigned long)((1)*(4000000/4000.0)));
   773                           	opt asmopt_off
   774  070E  30F9               movlw	249
   775  070F  00F0               movwf	(??_data+0)+0,f
   776  0710                     u2267:
   777  0710  0064               	clrwdt
   778  0711  0BF0               decfsz	(??_data+0)+0,f
   779  0712  2F10               	goto	u2267
   780  0713  2F14               	nop2	;nop
   781  0714  0064               	clrwdt
   782                           opt asmopt_on
   783                           
   784                           	line	23
   785                           	
   786  0715                     l1812:	
   787                           ;METROAT.c: 23: RC2=0;
   788  0715  1283               	bcf	status, 5	;RP0=0, select bank0
   789  0716  1303               	bcf	status, 6	;RP1=0, select bank0
   790  0717  1107               	bcf	(58/8),(58)&7
   791                           	line	24
   792                           	
   793  0718                     l564:	
   794  0718  0008               	return
   795                           	opt stack 0
   796                           GLOBAL	__end_of_data
   797  0719                     	__end_of_data:
   798 ;; =============== function _data ends ============
   799                           
   800                           	signat	_data,4216
   801                           	global	_command
   802                           psect	text123,local,class=CODE,delta=2
   803                           global __ptext123
   804  06F3                     __ptext123:
   805                           
   806 ;; *************** function _command *****************
   807 ;; Defined at:
   808 ;;		line 8 in file "C:\Users\dines\Desktop\METROBOAT\METROAT-PIC\METROAT.c"
   809 ;; Parameters:    Size  Location     Type
   810 ;;  y               1    wreg     unsigned char 
   811 ;; Auto vars:     Size  Location     Type
   812 ;;  y               1    1[COMMON] unsigned char 
   813 ;; Return value:  Size  Location     Type
   814 ;;		None               void
   815 ;; Registers used:
   816 ;;		wreg
   817 ;; Tracked objects:
   818 ;;		On entry : 0/0
   819 ;;		On exit  : 0/0
   820 ;;		Unchanged: 0/0
   821 ;; Data sizes:     COMMON   BANK0   BANK1   BANK3   BANK2
   822 ;;      Params:         0       0       0       0       0
   823 ;;      Locals:         1       0       0       0       0
   824 ;;      Temps:          1       0       0       0       0
   825 ;;      Totals:         2       0       0       0       0
   826 ;;Total ram usage:        2 bytes
   827 ;; Hardware stack levels used:    1
   828 ;; This function calls:
   829 ;;		Nothing
   830 ;; This function is called by:
   831 ;;		_initial
   832 ;;		_main
   833 ;; This function uses a non-reentrant model
   834 ;;
   835                           psect	text123
   836                           	file	"C:\Users\dines\Desktop\METROBOAT\METROAT-PIC\METROAT.c"
   837                           	line	8
   838                           	global	__size_of_command
   839  0013                     	__size_of_command	equ	__end_of_command-_command
   840                           	
   841  06F3                     _command:	
   842                           	opt	stack 7
   843                           ; Regs used in _command: [wreg]
   844                           ;command@y stored from wreg
   845  06F3  00F1               	movwf	(command@y)
   846                           	line	9
   847                           	
   848  06F4                     l1794:	
   849                           ;METROAT.c: 9: PORTD=y;
   850  06F4  0871               	movf	(command@y),w
   851  06F5  1283               	bcf	status, 5	;RP0=0, select bank0
   852  06F6  1303               	bcf	status, 6	;RP1=0, select bank0
   853  06F7  0088               	movwf	(8)	;volatile
   854                           	line	10
   855                           	
   856  06F8                     l1796:	
   857                           ;METROAT.c: 10: RC0=0;
   858  06F8  1007               	bcf	(56/8),(56)&7
   859                           	line	11
   860                           	
   861  06F9                     l1798:	
   862                           ;METROAT.c: 11: RC1=0;
   863  06F9  1087               	bcf	(57/8),(57)&7
   864                           	line	12
   865                           	
   866  06FA                     l1800:	
   867                           ;METROAT.c: 12: RC2=1;
   868  06FA  1507               	bsf	(58/8),(58)&7
   869                           	line	13
   870                           ;METROAT.c: 13: _delay((unsigned long)((1)*(4000000/4000.0)));
   871                           	opt asmopt_off
   872  06FB  30F9               movlw	249
   873  06FC  00F0               movwf	(??_command+0)+0,f
   874  06FD                     u2277:
   875  06FD  0064               	clrwdt
   876  06FE  0BF0               decfsz	(??_command+0)+0,f
   877  06FF  2EFD               	goto	u2277
   878  0700  2F01               	nop2	;nop
   879  0701  0064               	clrwdt
   880                           opt asmopt_on
   881                           
   882                           	line	14
   883                           	
   884  0702                     l1802:	
   885                           ;METROAT.c: 14: RC2=0;
   886  0702  1283               	bcf	status, 5	;RP0=0, select bank0
   887  0703  1303               	bcf	status, 6	;RP1=0, select bank0
   888  0704  1107               	bcf	(58/8),(58)&7
   889                           	line	15
   890                           	
   891  0705                     l561:	
   892  0705  0008               	return
   893                           	opt stack 0
   894                           GLOBAL	__end_of_command
   895  0706                     	__end_of_command:
   896 ;; =============== function _command ends ============
   897                           
   898                           	signat	_command,4216
   899                           psect	text124,local,class=CODE,delta=2
   900                           global __ptext124
   901  0000                     __ptext124:
   902                           	global	btemp
   903  007E                     	btemp set 07Eh
   904                           
   905                           	DABS	1,126,2	;btemp
   906                           	global	wtemp0
   907  007E                     	wtemp0 set btemp


HI-TECH Software PICC Macro Assembler V9.71a build 6446 
Symbol Table                                                                                   Sat Apr 29 09:48:03 2023

                   pc 0002                    fsr 0004                   l561 0705                   l570 075C  
                 l564 0718                   l580 07FD                   l581 07FD                   l573 078B  
                 l574 07AC                   l567 0731                   l577 07DB                   l578 07FC  
                 l579 07FC                   _RC0 0038                   _RC1 0039                   _RC2 003A  
                 fsr0 0004                   indf 0000                  l1800 06FA                  l1802 0702  
                l1810 070D                  l1812 0715                  l1804 0707                  l1820 075C  
                l1806 070B                  l1814 0719                  l1830 078B                  l1822 0771  
                l1808 070C                  l1840 07C7                  l1832 0797                  l1824 0777  
                l1816 0753                  l1850 07EF                  l1842 07CD                  l1834 079F  
                l1826 077D                  l1818 0757                  l1844 07DA                  l1836 07AC  
                l1828 078A                  l1846 07DB                  l1838 07C1                  l1848 07E7  
                l1794 06F4                  l1796 06F8                  l1798 06F9                  u2200 0764  
                u2210 078A                  u2211 0789                  u2220 07AC                  u2221 07AB  
                u2230 07B4                  u2215 0786                  u2240 07DA                  u2241 07D9  
                u2225 07A8                  u2250 07FC                  u2251 07FB                  u2245 07D6  
                u2255 07F8                  u2267 0710                  u2277 06FD                  _data 0706  
                _main 0753                  btemp 007E                  start 0000                 ?_data 0070  
               ?_main 0070                 _PORTD 0008                 _TRISC 0087                 _TRISD 0088  
     __end_of_command 0706                 data@z 0071       __end_of_initial 0732                 main@a 0020  
               main@b 0031                 main@i 0041                 main@j 0043                 pclath 000A  
               status 0003                 wtemp0 007E          __end_of_data 0719          __end_of_main 0800  
              ??_data 0070                ??_main 0072             ??_command 0070             ??_initial 0072  
      __pcstackCOMMON 0070          __pidataBANK0 0732            __pmaintext 0753               _command 06F3  
             _initial 0719  end_of_initialization 06EF               init_ram 06D4   start_initialization 06E1  
         __pdataBANK0 0045         __pcstackBANK0 0020             __ptext121 0719             __ptext122 0706  
           __ptext123 06F3             __ptext124 0000              ?_command 0070              ?_initial 0070  
           init_fetch 06D0      __size_of_command 0013      __size_of_initial 0019         __size_of_data 0013  
       __size_of_main 00AD              main@F522 0056              main@F519 0045              command@y 0071  
